#
# There is insufficient memory for the Java Runtime Environment to continue.
# Native memory allocation (malloc) failed to allocate 1048576 bytes for AllocateHeap
# Possible reasons:
#   The system is out of physical RAM or swap space
#   The process is running with CompressedOops enabled, and the Java Heap may be blocking the growth of the native heap
# Possible solutions:
#   Reduce memory load on the system
#   Increase physical memory or swap space
#   Check if swap backing store is full
#   Decrease Java heap size (-Xmx/-Xms)
#   Decrease number of Java threads
#   Decrease Java thread stack sizes (-Xss)
#   Set larger code cache with -XX:ReservedCodeCacheSize=
#   JVM is running with Unscaled Compressed Oops mode in which the Java heap is
#     placed in the first 4GB address space. The Java Heap base address is the
#     maximum limit for the native heap growth. Please use -XX:HeapBaseMinAddress
#     to set the Java Heap base and to place the Java Heap above 4GB virtual address.
# This output file may be truncated or incomplete.
#
#  Out of Memory Error (memory/allocation.inline.hpp:61), pid=22296, tid=0x0000000000000718
#
# JRE version:  (8.0_201-b09) (build )
# Java VM: Java HotSpot(TM) 64-Bit Server VM (25.201-b09 mixed mode windows-amd64 compressed oops)
# Failed to write core dump. Minidumps are not enabled by default on client versions of Windows
#

---------------  T H R E A D  ---------------

Current thread (0x000000000340e000):  JavaThread "Unknown thread" [_thread_in_vm, id=1816, stack(0x0000000003410000,0x0000000003510000)]

Stack: [0x0000000003410000,0x0000000003510000]
[error occurred during error reporting (printing stack bounds), id 0xc0000005]

Native frames: (J=compiled Java code, j=interpreted, Vv=VM code, C=native code)


---------------  P R O C E S S  ---------------

Java Threads: ( => current thread )

Other Threads:

=>0x000000000340e000 (exited) JavaThread "Unknown thread" [_thread_in_vm, id=1816, stack(0x0000000003410000,0x0000000003510000)]

VM state:not at safepoint (normal execution)

VM Mutex/Monitor currently owned by a thread: None

heap address: 0x0000000082800000, size: 2008 MB, Compressed Oops mode: 32-bit
Narrow klass base: 0x0000000000000000, Narrow klass shift: 3
Compressed class space size: 1073741824 Address: 0x0000000100000000

Heap:
 PSYoungGen      total 37888K, used 655K [0x00000000d6300000, 0x00000000d8d00000, 0x0000000100000000)
  eden space 32768K, 2% used [0x00000000d6300000,0x00000000d63a3d80,0x00000000d8300000)
  from space 5120K, 0% used [0x00000000d8800000,0x00000000d8800000,0x00000000d8d00000)
  to   space 5120K, 0% used [0x00000000d8300000,0x00000000d8300000,0x00000000d8800000)
 ParOldGen       total 86016K, used 0K [0x0000000082800000, 0x0000000087c00000, 0x00000000d6300000)
  object space 86016K, 0% used [0x0000000082800000,0x0000000082800000,0x0000000087c00000)
 Metaspace       used 751K, capacity 4480K, committed 4480K, reserved 1056768K
  class space    used 76K, capacity 384K, committed 384K, reserved 1048576K

Card table byte_map: [0x00000000129d0000,0x0000000012dc0000] byte_map_base: 0x00000000125bc000

Marking Bits: (ParMarkBitMap*) 0x0000000059f04ce0
 Begin Bits: [0x0000000013860000, 0x00000000157c0000)
 End Bits:   [0x00000000157c0000, 0x0000000017720000)

Polling page: 0x0000000001800000

CodeCache: size=245760Kb used=328Kb max_used=328Kb free=245431Kb
 bounds [0x0000000003610000, 0x0000000003880000, 0x0000000012610000]
 total_blobs=58 nmethods=0 adapters=38
 compilation: enabled

Compilation events (0 events):
No events

GC Heap History (0 events):
No events

Deoptimization events (0 events):
No events

Classes redefined (0 events):
No events

Internal exceptions (0 events):
No events

Events (10 events):
Event: 0.038 loading class java/lang/Short
Event: 0.038 loading class java/lang/Short done
Event: 0.038 loading class java/lang/Integer
Event: 0.038 loading class java/lang/Integer done
Event: 0.038 loading class java/lang/Long
Event: 0.038 loading class java/lang/Long done
Event: 0.039 loading class java/lang/NullPointerException
Event: 0.039 loading class java/lang/NullPointerException done
Event: 0.039 loading class java/lang/ArithmeticException
Event: 0.039 loading class java/lang/ArithmeticException done


Dynamic libraries:
0x00007ff63d6e0000 - 0x00007ff63d717000 	C:\Program Files\Java\jre1.8.0_201\bin\javaw.exe
0x00007ffd0fa80000 - 0x00007ffd0fc70000 	C:\WINDOWS\SYSTEM32\ntdll.dll
0x00007ffd0de70000 - 0x00007ffd0df22000 	C:\WINDOWS\System32\KERNEL32.DLL
0x00007ffd0cc70000 - 0x00007ffd0cf15000 	C:\WINDOWS\System32\KERNELBASE.dll
0x00007ffd0e820000 - 0x00007ffd0e8c3000 	C:\WINDOWS\System32\ADVAPI32.dll
0x00007ffd0eb10000 - 0x00007ffd0ebae000 	C:\WINDOWS\System32\msvcrt.dll
0x00007ffd0df30000 - 0x00007ffd0dfc7000 	C:\WINDOWS\System32\sechost.dll
0x00007ffd0ec20000 - 0x00007ffd0ed3f000 	C:\WINDOWS\System32\RPCRT4.dll
0x00007ffd0dc50000 - 0x00007ffd0dde4000 	C:\WINDOWS\System32\USER32.dll
0x00007ffd0cf70000 - 0x00007ffd0cf91000 	C:\WINDOWS\System32\win32u.dll
0x00007ffd0eae0000 - 0x00007ffd0eb06000 	C:\WINDOWS\System32\GDI32.dll
0x00007ffd0d020000 - 0x00007ffd0d1b8000 	C:\WINDOWS\System32\gdi32full.dll
0x00007ffd0d1c0000 - 0x00007ffd0d25e000 	C:\WINDOWS\System32\msvcp_win.dll
0x00007ffd0cac0000 - 0x00007ffd0cbba000 	C:\WINDOWS\System32\ucrtbase.dll
0x00007ffcf1c70000 - 0x00007ffcf1ef4000 	C:\WINDOWS\WinSxS\amd64_microsoft.windows.common-controls_6595b64144ccf1df_6.0.18362.1379_none_9e7ff3b3e45cc0c4\COMCTL32.dll
0x00007ffd0f050000 - 0x00007ffd0f387000 	C:\WINDOWS\System32\combase.dll
0x00007ffd0ca00000 - 0x00007ffd0ca81000 	C:\WINDOWS\System32\bcryptPrimitives.dll
0x00007ffd0f390000 - 0x00007ffd0f3be000 	C:\WINDOWS\System32\IMM32.DLL
0x000000005afa0000 - 0x000000005b071000 	C:\Program Files\Java\jre1.8.0_201\bin\msvcr100.dll
0x00000000596e0000 - 0x0000000059f84000 	C:\Program Files\Java\jre1.8.0_201\bin\server\jvm.dll
0x00007ffd0e810000 - 0x00007ffd0e818000 	C:\WINDOWS\System32\PSAPI.DLL
0x00007ffd049f0000 - 0x00007ffd049fa000 	C:\WINDOWS\SYSTEM32\VERSION.dll
0x00007ffd01ea0000 - 0x00007ffd01ea9000 	C:\WINDOWS\SYSTEM32\WSOCK32.dll
0x00007ffd03700000 - 0x00007ffd03724000 	C:\WINDOWS\SYSTEM32\WINMM.dll
0x00007ffd0e7a0000 - 0x00007ffd0e80f000 	C:\WINDOWS\System32\WS2_32.dll
0x00007ffd036d0000 - 0x00007ffd036fd000 	C:\WINDOWS\SYSTEM32\winmmbase.dll
0x00007ffd0cf20000 - 0x00007ffd0cf6a000 	C:\WINDOWS\System32\cfgmgr32.dll
0x00007ffd089a0000 - 0x00007ffd089af000 	C:\Program Files\Java\jre1.8.0_201\bin\verify.dll
0x00007ffd06460000 - 0x00007ffd06489000 	C:\Program Files\Java\jre1.8.0_201\bin\java.dll
0x00007ffd07830000 - 0x00007ffd07846000 	C:\Program Files\Java\jre1.8.0_201\bin\zip.dll

VM Arguments:
jvm_args: -Dfile.encoding=UTF-8 
java_command: day0309.GradeBook01
java_class_path (initial): C:\Users\silve\eclipse-workspace\JavaBasic\bin
Launcher Type: SUN_STANDARD

Environment Variables:
JAVA_HOME=C:\Program Files\OpenJDK\jdk-11.0.1
PATH=C:/Program Files/Java/jre1.8.0_201/bin/server;C:/Program Files/Java/jre1.8.0_201/bin;C:/Program Files/Java/jre1.8.0_201/lib/amd64;C:\Program Files\Common Files\Oracle\Java\javapath;C:\Program Files\OpenJDK\jdk-11.0.1\bin;C:\Anaconda3;C:\Anaconda3\Scripts;";C:\Program Files\Java\jdk1.8.0_201\bin;C:\WINDOWS\system32;C:\WINDOWS;C:\WINDOWS\System32\Wbem;C:\WINDOWS\System32\WindowsPowerShell\v1.0\;C:\WINDOWS\System32\OpenSSH\;C:\Program Files\Git\cmd;C:\Program Files\MySQL\MySQL Server 5.5\bin;";C:\Program Files\Microsoft SQL Server\Client SDK\ODBC\170\Tools\Binn\;C:\Program Files\dotnet\;C:\apache-maven-3.6.3-bin\apache-maven-3.6.3\bin;C:\Program Files\PuTTY\;C:\Program Files (x86)\Microsoft SQL Server\150\Tools\Binn\;C:\Program Files\Microsoft SQL Server\150\Tools\Binn\;C:\Program Files\Microsoft SQL Server\150\DTS\Binn\;C:\Users\silve\Anaconda3;C:\Users\silve\Anaconda3\Library\mingw-w64\bin;C:\Users\silve\Anaconda3\Library\usr\bin;C:\Users\silve\Anaconda3\Library\bin;C:\Users\silve\Anaconda3\Scripts;C:\Program Files\MySQL\MySQL Shell 8.0\bin\;C:\Users\silve\AppData\Local\Microsoft\WindowsApps;C:\Users\silve\.dotnet\tools;C:\Users\silve\eclipse;
USERNAME=±Ë¿∫∫Ò
OS=Windows_NT
PROCESSOR_IDENTIFIER=Intel64 Family 6 Model 142 Stepping 10, GenuineIntel



---------------  S Y S T E M  ---------------

OS: Windows 10.0 , 64 bit Build 18362 (10.0.18362.1350)

CPU:total 8 (initial active 8) (4 cores per cpu, 2 threads per core) family 6 model 142 stepping 10, cmov, cx8, fxsr, mmx, sse, sse2, sse3, ssse3, sse4.1, sse4.2, popcnt, avx, avx2, aes, clmul, erms, 3dnowpref, lzcnt, ht, tsc, tscinvbit, bmi1, bmi2, adx

Memory: 4k page, physical 8217872k(3174588k free), swap 33383696k(6004k free)

vm_info: Java HotSpot(TM) 64-Bit Server VM (25.201-b09) for windows-amd64 JRE (1.8.0_201-b09), built on Dec 15 2018 18:36:39 by "java_re" with MS VC++ 10.0 (VS2010)

time: Tue Mar 09 20:41:49 2021
timezone: ¥Î«—πŒ±π «•¡ÿΩ√
elapsed time: 0 seconds (0d 0h 0m 0s)

